<html>
<head>
<title>TestNG:  Default test</title>
<link href="../testng.css" rel="stylesheet" type="text/css" />
<link href="../my-testng.css" rel="stylesheet" type="text/css" />

<style type="text/css">
.log { display: none;} 
.stack-trace { display: none;} 
</style>
<script type="text/javascript">
<!--
function flip(e) {
  current = e.style.display;
  if (current == 'block') {
    e.style.display = 'none';
    return 0;
  }
  else {
    e.style.display = 'block';
    return 1;
  }
}

function toggleBox(szDivId, elem, msg1, msg2)
{
  var res = -1;  if (document.getElementById) {
    res = flip(document.getElementById(szDivId));
  }
  else if (document.all) {
    // this is the way old msie versions work
    res = flip(document.all[szDivId]);
  }
  if(elem) {
    if(res == 0) elem.innerHTML = msg1; else elem.innerHTML = msg2;
  }

}

function toggleAllBoxes() {
  if (document.getElementsByTagName) {
    d = document.getElementsByTagName('div');
    for (i = 0; i < d.length; i++) {
      if (d[i].className == 'log') {
        flip(d[i]);
      }
    }
  }
}

// -->
</script>

</head>
<body>
<h2 align='center'>Default test</h2><table border='1' align="center">
<tr>
<td>Tests passed/Failed/Skipped:</td><td>10/1/0</td>
</tr><tr>
<td>Started on:</td><td>Sat Nov 17 19:28:28 CST 2018</td>
</tr>
<tr><td>Total time:</td><td>47 seconds (47079 ms)</td>
</tr><tr>
<td>Included groups:</td><td></td>
</tr><tr>
<td>Excluded groups:</td><td></td>
</tr>
</table><p/>
<small><i>(Hover the method name to see the test class name)</i></small><p/>
<table width='100%' border='1' class='invocation-failed'>
<tr><td colspan='4' align='center'><b>FAILED TESTS</b></td></tr>
<tr><td><b>Test method</b></td>
<td width="30%"><b>Exception</b></td>
<td width="10%"><b>Time (seconds)</b></td>
<td><b>Instance</b></td>
</tr>
<tr>
<td title='com.OrangeHR.Application.LoginPageTest.searchFunction()'><b>searchFunction</b><br>Test class: com.OrangeHR.Application.LoginPageTest</td>
<td><div><pre>org.openqa.selenium.NoSuchElementException: Cannot locate element with text: HR Manager
For documentation on this error, please visit: http://seleniumhq.org/exceptions/no_such_element.html
Build info: version: &apos;3.7.0&apos;, revision: &apos;2321c73&apos;, time: &apos;2017-11-02T22:22:35.584Z&apos;
System info: host: &apos;Richas-MacBook-Pro.local&apos;, ip: &apos;2601:442:c200:3950:2d1a:df26:17ae:9b2e&apos;, os.name: &apos;Mac OS X&apos;, os.arch: &apos;x86_64&apos;, os.version: &apos;10.10.5&apos;, java.version: &apos;1.8.0_65&apos;
Driver info: driver.version: unknown
	at org.openqa.selenium.support.ui.Select.selectByVisibleText(Select.java:151)
	at com.orangeHR.Page.DirectoryPage.ValidateSearchFunction(DirectoryPage.java:50)
	at com.OrangeHR.Application.LoginPageTest.searchFunction(LoginPageTest.java:56)
	at sun.reflect.NativeMethodAccessorImpl.invoke0(Native Method)
	at sun.reflect.NativeMethodAccessorImpl.invoke(NativeMethodAccessorImpl.java:62)
	at sun.reflect.DelegatingMethodAccessorImpl.invoke(DelegatingMethodAccessorImpl.java:43)
	at java.lang.reflect.Method.invoke(Method.java:497)
	at org.testng.internal.MethodInvocationHelper.invokeMethod(MethodInvocationHelper.java:124)
	at org.testng.internal.Invoker.invokeMethod(Invoker.java:580)
	at org.testng.internal.Invoker.invokeTestMethod(Invoker.java:716)
	at org.testng.internal.Invoker.invokeTestMethods(Invoker.java:988)
	at org.testng.internal.TestMethodWorker.invokeTestMethods(TestMethodWorker.java:125)
	at org.testng.internal.TestMethodWorker.run(TestMethodWorker.java:109)
	at org.testng.TestRunner.privateRun(TestRunner.java:648)
	at org.testng.TestRunner.run(TestRunner.java:505)
	at org.testng.SuiteRunner.runTest(SuiteRunner.java:455)
	at org.testng.SuiteRunner.runSequentially(SuiteRunner.java:450)
	at org.testng.SuiteRunner.privateRun(SuiteRunner.java:415)
	at org.testng.SuiteRunner.run(SuiteRunner.java:364)
	at org.testng.SuiteRunnerWorker.runSuite(SuiteRunnerWorker.java:52)
	at org.testng.SuiteRunnerWorker.run(SuiteRunnerWorker.java:84)
	at org.testng.TestNG.runSuitesSequentially(TestNG.java:1208)
	at org.testng.TestNG.runSuitesLocally(TestNG.java:1137)
	at org.testng.TestNG.runSuites(TestNG.java:1049)
	at org.testng.TestNG.run(TestNG.java:1017)
	at org.testng.remote.AbstractRemoteTestNG.run(AbstractRemoteTestNG.java:114)
	at org.testng.remote.RemoteTestNG.initAndRun(RemoteTestNG.java:251)
	at org.testng.remote.RemoteTestNG.main(RemoteTestNG.java:77)
</pre></div><a href='#' onClick='toggleBox("stack-trace895599632", this, "Click to show all stack frames", "Click to hide stack frames")'>Click to show all stack frames</a>
<div class='stack-trace' id='stack-trace895599632'><pre>org.openqa.selenium.NoSuchElementException: Cannot locate element with text: HR Manager
For documentation on this error, please visit: http://seleniumhq.org/exceptions/no_such_element.html
Build info: version: &apos;3.7.0&apos;, revision: &apos;2321c73&apos;, time: &apos;2017-11-02T22:22:35.584Z&apos;
System info: host: &apos;Richas-MacBook-Pro.local&apos;, ip: &apos;2601:442:c200:3950:2d1a:df26:17ae:9b2e&apos;, os.name: &apos;Mac OS X&apos;, os.arch: &apos;x86_64&apos;, os.version: &apos;10.10.5&apos;, java.version: &apos;1.8.0_65&apos;
Driver info: driver.version: unknown
	at org.openqa.selenium.support.ui.Select.selectByVisibleText(Select.java:151)
	at com.orangeHR.Page.DirectoryPage.ValidateSearchFunction(DirectoryPage.java:50)
	at com.OrangeHR.Application.LoginPageTest.searchFunction(LoginPageTest.java:56)
	at sun.reflect.NativeMethodAccessorImpl.invoke0(Native Method)
	at sun.reflect.NativeMethodAccessorImpl.invoke(NativeMethodAccessorImpl.java:62)
	at sun.reflect.DelegatingMethodAccessorImpl.invoke(DelegatingMethodAccessorImpl.java:43)
	at java.lang.reflect.Method.invoke(Method.java:497)
	at org.testng.internal.MethodInvocationHelper.invokeMethod(MethodInvocationHelper.java:124)
	at org.testng.internal.Invoker.invokeMethod(Invoker.java:580)
	at org.testng.internal.Invoker.invokeTestMethod(Invoker.java:716)
	at org.testng.internal.Invoker.invokeTestMethods(Invoker.java:988)
	at org.testng.internal.TestMethodWorker.invokeTestMethods(TestMethodWorker.java:125)
	at org.testng.internal.TestMethodWorker.run(TestMethodWorker.java:109)
	at org.testng.TestRunner.privateRun(TestRunner.java:648)
	at org.testng.TestRunner.run(TestRunner.java:505)
	at org.testng.SuiteRunner.runTest(SuiteRunner.java:455)
	at org.testng.SuiteRunner.runSequentially(SuiteRunner.java:450)
	at org.testng.SuiteRunner.privateRun(SuiteRunner.java:415)
	at org.testng.SuiteRunner.run(SuiteRunner.java:364)
	at org.testng.SuiteRunnerWorker.runSuite(SuiteRunnerWorker.java:52)
	at org.testng.SuiteRunnerWorker.run(SuiteRunnerWorker.java:84)
	at org.testng.TestNG.runSuitesSequentially(TestNG.java:1208)
	at org.testng.TestNG.runSuitesLocally(TestNG.java:1137)
	at org.testng.TestNG.runSuites(TestNG.java:1049)
	at org.testng.TestNG.run(TestNG.java:1017)
	at org.testng.remote.AbstractRemoteTestNG.run(AbstractRemoteTestNG.java:114)
	at org.testng.remote.RemoteTestNG.initAndRun(RemoteTestNG.java:251)
	at org.testng.remote.RemoteTestNG.main(RemoteTestNG.java:77)
</pre></div></td>
<td>30</td>
<td>com.OrangeHR.Application.LoginPageTest@74a10858</td></tr>
</table><p>
<table width='100%' border='1' class='invocation-passed'>
<tr><td colspan='4' align='center'><b>PASSED TESTS</b></td></tr>
<tr><td><b>Test method</b></td>
<td width="30%"><b>Exception</b></td>
<td width="10%"><b>Time (seconds)</b></td>
<td><b>Instance</b></td>
</tr>
<tr>
<td title='com.OrangeHR.Application.LoginPageTest.ValidateLoginPageTitle()'><b>ValidateLoginPageTitle</b><br>Test class: com.OrangeHR.Application.LoginPageTest</td>
<td></td>
<td>0</td>
<td>com.OrangeHR.Application.LoginPageTest@74a10858</td></tr>
<tr>
<td title='com.OrangeHR.Application.LoginPageTest.clickDirTab()'><b>clickDirTab</b><br>Test class: com.OrangeHR.Application.LoginPageTest</td>
<td></td>
<td>2</td>
<td>com.OrangeHR.Application.LoginPageTest@74a10858</td></tr>
<tr>
<td title='com.OrangeHR.Application.LoginPageTest.clickOnSearchedRecord()'><b>clickOnSearchedRecord</b><br>Test class: com.OrangeHR.Application.LoginPageTest</td>
<td></td>
<td>0</td>
<td>com.OrangeHR.Application.LoginPageTest@74a10858</td></tr>
<tr>
<td title='com.OrangeHR.Application.LoginPageTest.clickonReset()'><b>clickonReset</b><br>Test class: com.OrangeHR.Application.LoginPageTest</td>
<td></td>
<td>2</td>
<td>com.OrangeHR.Application.LoginPageTest@74a10858</td></tr>
<tr>
<td title='com.OrangeHR.Application.LoginPageTest.goToAssignPage()'><b>goToAssignPage</b><br>Test class: com.OrangeHR.Application.LoginPageTest</td>
<td></td>
<td>3</td>
<td>com.OrangeHR.Application.LoginPageTest@74a10858</td></tr>
<tr>
<td title='com.OrangeHR.Application.LoginPageTest.navToAdminPage()'><b>navToAdminPage</b><br>Test class: com.OrangeHR.Application.LoginPageTest</td>
<td></td>
<td>0</td>
<td>com.OrangeHR.Application.LoginPageTest@74a10858</td></tr>
<tr>
<td title='com.OrangeHR.Application.LoginPageTest.resetRec()'><b>resetRec</b><br>Test class: com.OrangeHR.Application.LoginPageTest</td>
<td></td>
<td>2</td>
<td>com.OrangeHR.Application.LoginPageTest@74a10858</td></tr>
<tr>
<td title='com.OrangeHR.Application.LoginPageTest.searchEmpRecord()'><b>searchEmpRecord</b><br>Test class: com.OrangeHR.Application.LoginPageTest</td>
<td></td>
<td>0</td>
<td>com.OrangeHR.Application.LoginPageTest@74a10858</td></tr>
<tr>
<td title='com.OrangeHR.Application.LoginPageTest.validateLoginFUnction()'><b>validateLoginFUnction</b><br>Test class: com.OrangeHR.Application.LoginPageTest</td>
<td></td>
<td>1</td>
<td>com.OrangeHR.Application.LoginPageTest@74a10858</td></tr>
<tr>
<td title='com.OrangeHR.Application.LoginPageTest.welcomeMessage()'><b>welcomeMessage</b><br>Test class: com.OrangeHR.Application.LoginPageTest</td>
<td></td>
<td>0</td>
<td>com.OrangeHR.Application.LoginPageTest@74a10858</td></tr>
</table><p>
</body>
</html>