<?xml version="1.0" encoding="UTF-8"?>
<!-- Generated by org.testng.reporters.JUnitReportReporter -->
<testsuite skipped="0" hostname="Richas-MacBook-Pro.local" name="com.OrangeHR.Application.LoginPageTest" tests="11" failures="0" timestamp="18 Nov 2018 01:29:15 GMT" time="43.753" errors="1">
  <testcase name="ValidateLoginPageTitle" time="0.024" classname="com.OrangeHR.Application.LoginPageTest"/>
  <testcase name="validateLoginFUnction" time="1.370" classname="com.OrangeHR.Application.LoginPageTest"/>
  <testcase name="welcomeMessage" time="0.075" classname="com.OrangeHR.Application.LoginPageTest"/>
  <testcase name="clickDirTab" time="2.357" classname="com.OrangeHR.Application.LoginPageTest"/>
  <testcase name="searchFunction" time="30.382" classname="com.OrangeHR.Application.LoginPageTest">
    <error type="org.openqa.selenium.NoSuchElementException" message="Cannot locate element with text: HR Manager
For documentation on this error, please visit: http://seleniumhq.org/exceptions/no_such_element.html
Build info: version: &#039;3.7.0&#039;, revision: &#039;2321c73&#039;, time: &#039;2017-11-02T22:22:35.584Z&#039;
System info: host: &#039;Richas-MacBook-Pro.local&#039;, ip: &#039;2601:442:c200:3950:2d1a:df26:17ae:9b2e&#039;, os.name: &#039;Mac OS X&#039;, os.arch: &#039;x86_64&#039;, os.version: &#039;10.10.5&#039;, java.version: &#039;1.8.0_65&#039;
Driver info: driver.version: unknown">
      <![CDATA[org.openqa.selenium.NoSuchElementException: Cannot locate element with text: HR Manager
For documentation on this error, please visit: http://seleniumhq.org/exceptions/no_such_element.html
Build info: version: '3.7.0', revision: '2321c73', time: '2017-11-02T22:22:35.584Z'
System info: host: 'Richas-MacBook-Pro.local', ip: '2601:442:c200:3950:2d1a:df26:17ae:9b2e', os.name: 'Mac OS X', os.arch: 'x86_64', os.version: '10.10.5', java.version: '1.8.0_65'
Driver info: driver.version: unknown
at org.openqa.selenium.support.ui.Select.selectByVisibleText(Select.java:151)
at com.orangeHR.Page.DirectoryPage.ValidateSearchFunction(DirectoryPage.java:50)
at com.OrangeHR.Application.LoginPageTest.searchFunction(LoginPageTest.java:56)
at sun.reflect.NativeMethodAccessorImpl.invoke0(Native Method)
at sun.reflect.NativeMethodAccessorImpl.invoke(NativeMethodAccessorImpl.java:62)
at sun.reflect.DelegatingMethodAccessorImpl.invoke(DelegatingMethodAccessorImpl.java:43)
at java.lang.reflect.Method.invoke(Method.java:497)
at org.testng.internal.MethodInvocationHelper.invokeMethod(MethodInvocationHelper.java:124)
at org.testng.internal.Invoker.invokeMethod(Invoker.java:580)
at org.testng.internal.Invoker.invokeTestMethod(Invoker.java:716)
at org.testng.internal.Invoker.invokeTestMethods(Invoker.java:988)
at org.testng.internal.TestMethodWorker.invokeTestMethods(TestMethodWorker.java:125)
at org.testng.internal.TestMethodWorker.run(TestMethodWorker.java:109)
at org.testng.TestRunner.privateRun(TestRunner.java:648)
at org.testng.TestRunner.run(TestRunner.java:505)
at org.testng.SuiteRunner.runTest(SuiteRunner.java:455)
at org.testng.SuiteRunner.runSequentially(SuiteRunner.java:450)
at org.testng.SuiteRunner.privateRun(SuiteRunner.java:415)
at org.testng.SuiteRunner.run(SuiteRunner.java:364)
at org.testng.SuiteRunnerWorker.runSuite(SuiteRunnerWorker.java:52)
at org.testng.SuiteRunnerWorker.run(SuiteRunnerWorker.java:84)
at org.testng.TestNG.runSuitesSequentially(TestNG.java:1208)
at org.testng.TestNG.runSuitesLocally(TestNG.java:1137)
at org.testng.TestNG.runSuites(TestNG.java:1049)
at org.testng.TestNG.run(TestNG.java:1017)
at org.testng.remote.AbstractRemoteTestNG.run(AbstractRemoteTestNG.java:114)
at org.testng.remote.RemoteTestNG.initAndRun(RemoteTestNG.java:251)
at org.testng.remote.RemoteTestNG.main(RemoteTestNG.java:77)
]]>
    </error>
  </testcase> <!-- searchFunction -->
  <testcase name="clickonReset" time="2.141" classname="com.OrangeHR.Application.LoginPageTest"/>
  <testcase name="navToAdminPage" time="0.510" classname="com.OrangeHR.Application.LoginPageTest"/>
  <testcase name="searchEmpRecord" time="0.718" classname="com.OrangeHR.Application.LoginPageTest"/>
  <testcase name="clickOnSearchedRecord" time="0.082" classname="com.OrangeHR.Application.LoginPageTest"/>
  <testcase name="resetRec" time="2.624" classname="com.OrangeHR.Application.LoginPageTest"/>
  <testcase name="goToAssignPage" time="3.470" classname="com.OrangeHR.Application.LoginPageTest"/>
</testsuite> <!-- com.OrangeHR.Application.LoginPageTest -->
